Granja => E375
Datos Tecnicos SAP
Validacion total--------------------
13
Granja: E375, Galpon: 2, estado: False, Variable:SiloName1, Observacion:El SiloName1 no contiene la estructura 'Material-Lote', SiloName1 => Silo 1 zona1
Granja: E375, Galpon: 2, estado: False, Variable:FeedTotalPerDay, Observacion:Ausencia de variable
Granja: E375, Galpon: 2, estado: False, Variable:FeedPerAnimalPerDay, Observacion:Ausencia de variable
Granja: E375, Galpon: 2, estado: False, Variable:BirdScaleWeight1|BirdScaleWeight2, Observacion:No se logro obtener el sexo de encasetamiento para realizar la comparativa de tolerancia. Variables: BroilerGroupTotalStockedFemale y BroilerGroupTotalStockedMale.
Granja: E375, Galpon: 2, estado: False, Variable:BirdsDeadCulledPerDayFemale|BirdsDeadCulledPerDayMale, Observacion:Ausencia de variable
Granja: E375, Galpon: 3, estado: False, Variable:SiloName1, Observacion:El SiloName1 no contiene la estructura 'Material-Lote', SiloName1 => Silo 1 zona1
Granja: E375, Galpon: 3, estado: False, Variable:FeedPerAnimalPerDay, Observacion:Ausencia de variable
Granja: E375, Galpon: 3, estado: False, Variable:BirdScaleWeight1|BirdScaleWeight2, Observacion:No se logro obtener el sexo de encasetamiento para realizar la comparativa de tolerancia. Variables: BroilerGroupTotalStockedFemale y BroilerGroupTotalStockedMale.
Granja: E375, Galpon: 3, estado: False, Variable:BirdsDeadCulledPerDayFemale|BirdsDeadCulledPerDayMale, Observacion:Ausencia de variable
Granja: E375, Galpon: 4, estado: False, Variable:SiloName1, Observacion:El SiloName1 no contiene la estructura 'Material-Lote', SiloName1 => Silo 1 zona1
Granja: E375, Galpon: 4, estado: False, Variable:FeedPerAnimalPerDay, Observacion:Ausencia de variable
Granja: E375, Galpon: 4, estado: False, Variable:BirdScaleWeight1|BirdScaleWeight2|BroilerGroupWeightFemale|BroilerGroupWeightMale, Observacion:Ausencia de variable
Granja: E375, Galpon: 4, estado: False, Variable:BirdsDeadCulledPerDayFemale|BirdsDeadCulledPerDayMale, Observacion:Ausencia de variable
LogEnvioSap{tabla=tbllogenviosap, granja=E375, galpon=2, lote=1, edad=14, variable=SiloName1, fecha=Fri Jan 20 16:29:18 COT 2023, observacion=El SiloName1 no contiene la estructura 'Material-Lote', SiloName1 => Silo 1 zona1, docSapTecnico=, docSapInventario=, estado=false, respuestaenviosap=No existian registros de datos correctos para envio de correo.|Se realizo el envio de correo para datos correctos|Se realizo el envio de correo para datos con error}
LogEnvioSap{tabla=tbllogenviosap, granja=E375, galpon=2, lote=1, edad=14, variable=FeedTotalPerDay, fecha=Fri Jan 20 16:29:18 COT 2023, observacion=Ausencia de variable, docSapTecnico=, docSapInventario=, estado=false, respuestaenviosap=No existian registros de datos correctos para envio de correo.|Se realizo el envio de correo para datos correctos|Se realizo el envio de correo para datos con error}
LogEnvioSap{tabla=tbllogenviosap, granja=E375, galpon=2, lote=1, edad=14, variable=FeedPerAnimalPerDay, fecha=Fri Jan 20 16:29:18 COT 2023, observacion=Ausencia de variable, docSapTecnico=, docSapInventario=, estado=false, respuestaenviosap=No existian registros de datos correctos para envio de correo.|Se realizo el envio de correo para datos correctos|Se realizo el envio de correo para datos con error}
LogEnvioSap{tabla=tbllogenviosap, granja=E375, galpon=2, lote=1, edad=14, variable=BirdScaleWeight1|BirdScaleWeight2, fecha=Fri Jan 20 16:29:18 COT 2023, observacion=No se logro obtener el sexo de encasetamiento para realizar la comparativa de tolerancia. Variables: BroilerGroupTotalStockedFemale y BroilerGroupTotalStockedMale., docSapTecnico=, docSapInventario=, estado=false, respuestaenviosap=No existian registros de datos correctos para envio de correo.|Se realizo el envio de correo para datos correctos|Se realizo el envio de correo para datos con error}
LogEnvioSap{tabla=tbllogenviosap, granja=E375, galpon=2, lote=1, edad=14, variable=BirdsDeadCulledPerDayFemale|BirdsDeadCulledPerDayMale, fecha=Fri Jan 20 16:29:18 COT 2023, observacion=Ausencia de variable, docSapTecnico=, docSapInventario=, estado=false, respuestaenviosap=No existian registros de datos correctos para envio de correo.|Se realizo el envio de correo para datos correctos|Se realizo el envio de correo para datos con error}
LogEnvioSap{tabla=tbllogenviosap, granja=E375, galpon=3, lote=2, edad=7, variable=SiloName1, fecha=Fri Jan 20 16:29:18 COT 2023, observacion=El SiloName1 no contiene la estructura 'Material-Lote', SiloName1 => Silo 1 zona1, docSapTecnico=, docSapInventario=, estado=false, respuestaenviosap=No existian registros de datos correctos para envio de correo.|Se realizo el envio de correo para datos correctos|Se realizo el envio de correo para datos con error}
LogEnvioSap{tabla=tbllogenviosap, granja=E375, galpon=3, lote=2, edad=7, variable=FeedPerAnimalPerDay, fecha=Fri Jan 20 16:29:18 COT 2023, observacion=Ausencia de variable, docSapTecnico=, docSapInventario=, estado=false, respuestaenviosap=No existian registros de datos correctos para envio de correo.|Se realizo el envio de correo para datos correctos|Se realizo el envio de correo para datos con error}
LogEnvioSap{tabla=tbllogenviosap, granja=E375, galpon=3, lote=2, edad=7, variable=BirdScaleWeight1|BirdScaleWeight2, fecha=Fri Jan 20 16:29:18 COT 2023, observacion=No se logro obtener el sexo de encasetamiento para realizar la comparativa de tolerancia. Variables: BroilerGroupTotalStockedFemale y BroilerGroupTotalStockedMale., docSapTecnico=, docSapInventario=, estado=false, respuestaenviosap=No existian registros de datos correctos para envio de correo.|Se realizo el envio de correo para datos correctos|Se realizo el envio de correo para datos con error}
LogEnvioSap{tabla=tbllogenviosap, granja=E375, galpon=3, lote=2, edad=7, variable=BirdsDeadCulledPerDayFemale|BirdsDeadCulledPerDayMale, fecha=Fri Jan 20 16:29:18 COT 2023, observacion=Ausencia de variable, docSapTecnico=, docSapInventario=, estado=false, respuestaenviosap=No existian registros de datos correctos para envio de correo.|Se realizo el envio de correo para datos correctos|Se realizo el envio de correo para datos con error}
LogEnvioSap{tabla=tbllogenviosap, granja=E375, galpon=4, lote=PRUEBA GALPON 4 LOTE-OF-CAMARE, edad=7, variable=SiloName1, fecha=Fri Jan 20 16:29:18 COT 2023, observacion=El SiloName1 no contiene la estructura 'Material-Lote', SiloName1 => Silo 1 zona1, docSapTecnico=, docSapInventario=, estado=false, respuestaenviosap=No existian registros de datos correctos para envio de correo.|Se realizo el envio de correo para datos correctos|Se realizo el envio de correo para datos con error}
LogEnvioSap{tabla=tbllogenviosap, granja=E375, galpon=4, lote=PRUEBA GALPON 4 LOTE-OF-CAMARE, edad=7, variable=FeedPerAnimalPerDay, fecha=Fri Jan 20 16:29:18 COT 2023, observacion=Ausencia de variable, docSapTecnico=, docSapInventario=, estado=false, respuestaenviosap=No existian registros de datos correctos para envio de correo.|Se realizo el envio de correo para datos correctos|Se realizo el envio de correo para datos con error}
LogEnvioSap{tabla=tbllogenviosap, granja=E375, galpon=4, lote=PRUEBA GALPON 4 LOTE-OF-CAMARE, edad=7, variable=BirdScaleWeight1|BirdScaleWeight2|BroilerGroupWeightFemale|BroilerGroupWeightMale, fecha=Fri Jan 20 16:29:18 COT 2023, observacion=Ausencia de variable, docSapTecnico=, docSapInventario=, estado=false, respuestaenviosap=No existian registros de datos correctos para envio de correo.|Se realizo el envio de correo para datos correctos|Se realizo el envio de correo para datos con error}
LogEnvioSap{tabla=tbllogenviosap, granja=E375, galpon=4, lote=PRUEBA GALPON 4 LOTE-OF-CAMARE, edad=7, variable=BirdsDeadCulledPerDayFemale|BirdsDeadCulledPerDayMale, fecha=Fri Jan 20 16:29:18 COT 2023, observacion=Ausencia de variable, docSapTecnico=, docSapInventario=, estado=false, respuestaenviosap=No existian registros de datos correctos para envio de correo.|Se realizo el envio de correo para datos correctos|Se realizo el envio de correo para datos con error}
